<?xml version="1.0" encoding="UTF-8"?>
<!-- Generated by org.testng.reporters.JUnitReportReporter -->
<testsuite skipped="0" hostname="GACDTL004PJ558W" name="com.attTestcases.HomePageTestCase" tests="3" failures="0" timestamp="2020-01-29T12:04:14 EST" time="32.797" errors="0">
  <testcase name="SelectOptionFromHome" time="7.787" classname="com.attTestcases.HomePageTestCase"/>
  <testcase name="getphone" time="11.349" classname="com.attTestcases.HomePageTestCase"/>
  <testcase name="getcolourcapacity" time="13.661" classname="com.attTestcases.HomePageTestCase"/>
</testsuite> <!-- com.attTestcases.HomePageTestCase -->
